Before Idle time in firefox


info: 2023-08-03 13:28:56 : serverjs:getCancelOrderMonthwiseTaskdata
info: 2023-08-03 13:28:56 :  serverjs:getfarmcodewithuserid
info: 2023-08-03 13:28:56 : serverjs:OrderCount
info: 2023-08-03 13:28:56 :  serverjs:Menu
info: 2023-08-03 13:28:56 :  serverjs:getConnectedAccountDetails 
info: 2023-08-03 13:28:57 : Menuresponse : 1 UI calling: 08-03-2023 01:28:57
info: 2023-08-03 13:28:57 : serverjs:createConnectedAccountCustomersForInactiveCustomers
info: 2023-08-03 13:28:58 : componentDidMountstarts  : 0 UI calling: 08-03-2023 01:28:58
info: 2023-08-03 13:28:58 : getUserDetails starting api: Thursday, August 3rd, 2023, 1:28:58 PM
info: 2023-08-03 13:28:58 : getUsersData : 1 UI calling: 08-03-2023 01:28:58
info: 2023-08-03 13:28:58 : getCountryLisData  : 1 UI calling: 08-03-2023 01:28:58
info: 2023-08-03 13:28:58 : getCountrylist starting:Thursday, August 3rd, 2023, 1:28:58 PM
info: 2023-08-03 13:28:58 : getStatesLisData  : 1 UI calling: 08-03-2023 01:28:58
info: 2023-08-03 13:28:58 : getCountryStatelist starting:Thursday, August 3rd, 2023, 1:28:58 PM
info: 2023-08-03 13:28:58 : getUserDetails after connecting api: Thursday, August 3rd, 2023, 1:28:58 PM
info: 2023-08-03 13:28:58 : getCountrylist after connecting getting result from query:Thursday, August 3rd, 2023, 1:28:58 PM
info: 2023-08-03 13:28:58 : getCountryStatelist after connecting:Thursday, August 3rd, 2023, 1:28:58 PM
info: 2023-08-03 13:28:58 : getUserDetails after getting result from query:Thursday, August 3rd, 2023, 1:28:58 PM
info: 2023-08-03 13:28:58 : getUserDetails before connection release:Thursday, August 3rd, 2023, 1:28:58 PM
info: 2023-08-03 13:28:58 : getUserDetails after connection release:Thursday, August 3rd, 2023, 1:28:58 PM
info: 2023-08-03 13:28:58 : getCountrylist after getting result from query:Thursday, August 3rd, 2023, 1:28:58 PM
info: 2023-08-03 13:28:58 : getCountrylist after sending response UI:Thursday, August 3rd, 2023, 1:28:58 PM
info: 2023-08-03 13:28:58 : getCountrylist before connection release:Thursday, August 3rd, 2023, 1:28:58 PM
info: 2023-08-03 13:28:58 : getCountrylist after connection release:Thursday, August 3rd, 2023, 1:28:58 PM
info: 2023-08-03 13:28:58 : getCountryStatelist after getting result from query:Thursday, August 3rd, 2023, 1:28:58 PM
info: 2023-08-03 13:28:58 : getCountryStatelist after sending response UI:Thursday, August 3rd, 2023, 1:28:58 PM
info: 2023-08-03 13:28:58 : getCountryStatelist before connection release:Thursday, August 3rd, 2023, 1:28:58 PM
info: 2023-08-03 13:28:58 : getCountryStatelist after connection release:Thursday, August 3rd, 2023, 1:28:58 PM
info: 2023-08-03 13:28:58 : getCountryLisData  : 2 UI calling: 08-03-2023 01:28:58
info: 2023-08-03 13:28:58 : getStatesLisData  : 2 UI calling: 08-03-2023 01:28:58
info: 2023-08-03 13:28:58 : getUserDetails after sending response UI:Thursday, August 3rd, 2023, 1:28:58 PM
info: 2023-08-03 13:28:58 : getUsersData : 2 UI calling: 08-03-2023 01:28:58


After Idle time in firefox
info: 2023-08-03 13:40:48 : serverjs:getCancelOrderMonthwiseTaskdata
info: 2023-08-03 13:40:48 :  serverjs:getfarmcodewithuserid
info: 2023-08-03 13:40:48 : serverjs:OrderCount
info: 2023-08-03 13:40:48 :  serverjs:Menu
info: 2023-08-03 13:40:48 : Menuresponse : 1 UI calling: 08-03-2023 01:40:48
info: 2023-08-03 13:40:50 : componentDidMountstarts  : 0 UI calling: 08-03-2023 01:40:50
info: 2023-08-03 13:40:50 : getUsersData : 1 UI calling: 08-03-2023 01:40:50
info: 2023-08-03 13:40:50 : getUserDetails starting api: Thursday, August 3rd, 2023, 1:40:50 PM
info: 2023-08-03 13:40:50 : getCountryLisData  : 1 UI calling: 08-03-2023 01:40:50
info: 2023-08-03 13:40:50 : getCountrylist starting:Thursday, August 3rd, 2023, 1:40:50 PM
info: 2023-08-03 13:40:50 : getStatesLisData  : 1 UI calling: 08-03-2023 01:40:50
info: 2023-08-03 13:40:50 : getCountryStatelist starting:Thursday, August 3rd, 2023, 1:40:50 PM
info: 2023-08-03 13:40:50 : getUserDetails after connecting api: Thursday, August 3rd, 2023, 1:40:50 PM
info: 2023-08-03 13:40:50 : getUserDetails after getting result from query:Thursday, August 3rd, 2023, 1:40:50 PM
info: 2023-08-03 13:40:50 : getUserDetails before connection release:Thursday, August 3rd, 2023, 1:40:50 PM
info: 2023-08-03 13:40:50 : getUserDetails after connection release:Thursday, August 3rd, 2023, 1:40:50 PM
info: 2023-08-03 13:40:50 : getUserDetails after sending response UI:Thursday, August 3rd, 2023, 1:40:50 PM
info: 2023-08-03 13:40:50 : getUsersData : 2 UI calling: 08-03-2023 01:40:50
info: 2023-08-03 13:40:50 : getCountrylist after connecting getting result from query:Thursday, August 3rd, 2023, 1:40:50 PM
info: 2023-08-03 13:40:50 : getCountryStatelist after connecting:Thursday, August 3rd, 2023, 1:40:50 PM
info: 2023-08-03 13:40:50 : getCountrylist after getting result from query:Thursday, August 3rd, 2023, 1:40:50 PM
info: 2023-08-03 13:40:50 : getCountrylist after sending response UI:Thursday, August 3rd, 2023, 1:40:50 PM
info: 2023-08-03 13:40:50 : getCountrylist before connection release:Thursday, August 3rd, 2023, 1:40:50 PM
info: 2023-08-03 13:40:50 : getCountrylist after connection release:Thursday, August 3rd, 2023, 1:40:50 PM
info: 2023-08-03 13:40:50 : getCountryStatelist after getting result from query:Thursday, August 3rd, 2023, 1:40:50 PM
info: 2023-08-03 13:40:50 : getCountryStatelist after sending response UI:Thursday, August 3rd, 2023, 1:40:50 PM
info: 2023-08-03 13:40:50 : getCountryStatelist before connection release:Thursday, August 3rd, 2023, 1:40:50 PM
info: 2023-08-03 13:40:50 : getCountryStatelist after connection release:Thursday, August 3rd, 2023, 1:40:50 PM
info: 2023-08-03 13:40:50 : getCountryLisData  : 2 UI calling: 08-03-2023 01:40:50
info: 2023-08-03 13:40:50 : getStatesLisData  : 2 UI calling: 08-03-2023 01:40:50
